Performing C SOURCE FILE Test CMAKE_HAVE_LIBC_PTHREAD failed with the following output:
Change Dir: /home/andrey/ExampleG4/build/CMakeFiles/CMakeTmp

Run Build Command(s):/usr/bin/make cmTC_f6e53/fast && /usr/bin/make -f CMakeFiles/cmTC_f6e53.dir/build.make CMakeFiles/cmTC_f6e53.dir/build
make[1]: Entering directory '/home/andrey/ExampleG4/build/CMakeFiles/CMakeTmp'
/usr/bin/cmake: /home/andrey/anaconda3/lib/libcurl.so.4: no version information available (required by /usr/bin/cmake)
Building C object CMakeFiles/cmTC_f6e53.dir/src.c.o
/bin/x86_64-linux-gnu-gcc-9   -DCMAKE_HAVE_LIBC_PTHREAD   -o CMakeFiles/cmTC_f6e53.dir/src.c.o   -c /home/andrey/ExampleG4/build/CMakeFiles/CMakeTmp/src.c
/usr/bin/cmake: /home/andrey/anaconda3/lib/libcurl.so.4: no version information available (required by /usr/bin/cmake)
Linking C executable cmTC_f6e53
/usr/bin/cmake -E cmake_link_script CMakeFiles/cmTC_f6e53.dir/link.txt --verbose=1
/usr/bin/cmake: /home/andrey/anaconda3/lib/libcurl.so.4: no version information available (required by /usr/bin/cmake)
/bin/x86_64-linux-gnu-gcc-9  -DCMAKE_HAVE_LIBC_PTHREAD    CMakeFiles/cmTC_f6e53.dir/src.c.o  -o cmTC_f6e53 
/usr/bin/ld: CMakeFiles/cmTC_f6e53.dir/src.c.o: in function `main':
src.c:(.text+0x46): undefined reference to `pthread_create'
/usr/bin/ld: src.c:(.text+0x52): undefined reference to `pthread_detach'
/usr/bin/ld: src.c:(.text+0x63): undefined reference to `pthread_join'
collect2: error: ld returned 1 exit status
make[1]: *** [CMakeFiles/cmTC_f6e53.dir/build.make:87: cmTC_f6e53] Error 1
make[1]: Leaving directory '/home/andrey/ExampleG4/build/CMakeFiles/CMakeTmp'
make: *** [Makefile:121: cmTC_f6e53/fast] Error 2


Source file was:
#include <pthread.h>

void* test_func(void* data)
{
  return data;
}

int main(void)
{
  pthread_t thread;
  pthread_create(&thread, NULL, test_func, NULL);
  pthread_detach(thread);
  pthread_join(thread, NULL);
  pthread_atfork(NULL, NULL, NULL);
  pthread_exit(NULL);

  return 0;
}

